<?xml version="1.0" encoding="UTF-8"?>
<!-- Generated by org.testng.reporters.JUnitXMLReporter -->
<testsuite hostname="MUM-H6X1N62" ignored="0" name="Base Party Validation" tests="1" failures="1" timestamp="24 Oct 2017 11:13:42 GMT" time="379.802" errors="0">
  <testcase name="feature" time="379.263" classname="cucumber.api.testng.AbstractTestNGCucumberTests">
    <failure type="cucumber.runtime.CucumberException" message="java.lang.AssertionError: expected [testpartytestparty] but found [testparty]">
      <![CDATA[cucumber.runtime.CucumberException: java.lang.AssertionError: expected [testpartytestparty] but found [testparty]
	at cucumber.api.testng.TestNGCucumberRunner.runCucumber(TestNGCucumberRunner.java:69)
	at cucumber.api.testng.AbstractTestNGCucumberTests.feature(AbstractTestNGCucumberTests.java:21)
Caused by: java.lang.AssertionError: expected [testpartytestparty] but found [testparty]
	at com.cucumber.bhsibase.testbase.Utilities.NameValidation(Utilities.java:86)
	at com.cucumber.bhsibase.party.pages.CreatePartyPage.validateParty(CreatePartyPage.java:115)
	at com.cucumber.bhsibase.bridges.CreatePartyBridge.Then(CreatePartyBridge.java:29)
	at com.cucumber.bhsibase.party.tests.PartyTests.the_should_be_created(PartyTests.java:37)
	at âœ½.Then the party should be created(PartyFeatures.feature:6)
... Removed 31 stack frames]]>
    </failure>
  </testcase> <!-- feature -->
</testsuite> <!-- Base Party Validation -->
